<?xml version="1.0" encoding="UTF-8"?>
<!-- Generated by org.testng.reporters.JUnitXMLReporter -->
<testsuite ignored="2" hostname="DESKTOP-7LGPRPJ" failures="0" tests="1" name="Default test" time="16.463" errors="0" timestamp="2024-02-07T21:11:21 EET">
  <testcase classname="smokeTests.testcases" name="addProductToCompare" time="12.1"/>
  <testcase classname="smokeTests.testcases" name="addUnavailableProducttoCart" time="0.0">
    <ignored/>
  </testcase> <!-- addUnavailableProducttoCart -->
  <testcase classname="smokeTests.testcases" name="printNameOfEvenProducts" time="0.0">
    <ignored/>
  </testcase> <!-- printNameOfEvenProducts -->
</testsuite> <!-- Default test -->
