<?xml version="1.0" encoding="UTF-8"?>
<!-- Generated by org.testng.reporters.JUnitXMLReporter -->
<testsuite ignored="3" hostname="DESKTOP-7LGPRPJ" failures="0" tests="1" name="Default test" time="5.547" errors="0" timestamp="2024-01-29T13:59:29 EET">
  <testcase classname="test" name="searchItem" time="0.977"/>
  <testcase classname="test" name="printCategoryName" time="0.0">
    <ignored/>
  </testcase> <!-- printCategoryName -->
  <testcase classname="test" name="filter" time="0.0">
    <ignored/>
  </testcase> <!-- filter -->
  <testcase classname="test" name="login" time="0.0">
    <ignored/>
  </testcase> <!-- login -->
</testsuite> <!-- Default test -->
