<?xml version="1.0" encoding="UTF-8"?>
<testng-results ignored="3" total="4" passed="1" failed="0" skipped="0">
  <reporter-output>
  </reporter-output>
  <suite started-at="2024-01-29T13:59:24 EET" name="Default suite" finished-at="2024-01-29T13:59:29 EET" duration-ms="5547">
    <groups>
    </groups>
    <test started-at="2024-01-29T13:59:24 EET" name="Default test" finished-at="2024-01-29T13:59:29 EET" duration-ms="5547">
      <class name="test">
        <test-method is-config="true" signature="beforeTest()[pri:0, instance:test@6e171cd7]" started-at="2024-01-29T13:59:24 EET" name="beforeTest" finished-at="2024-01-29T13:59:28 EET" duration-ms="4443" status="PASS">
          <reporter-output>
          </reporter-output>
        </test-method> <!-- beforeTest -->
        <test-method signature="searchItem()[pri:0, instance:test@6e171cd7]" started-at="2024-01-29T13:59:28 EET" name="searchItem" description="search for item" finished-at="2024-01-29T13:59:29 EET" duration-ms="977" status="PASS">
          <reporter-output>
          </reporter-output>
        </test-method> <!-- searchItem -->
        <test-method is-config="true" signature="afterTest()[pri:0, instance:test@6e171cd7]" started-at="2024-01-29T13:59:29 EET" name="afterTest" finished-at="2024-01-29T13:59:29 EET" duration-ms="107" status="PASS">
          <reporter-output>
          </reporter-output>
        </test-method> <!-- afterTest -->
      </class> <!-- test -->
    </test> <!-- Default test -->
  </suite> <!-- Default suite -->
</testng-results>
